<?xml version="1.0" encoding="UTF-8"?>
<!-- Generated by org.testng.reporters.JUnitReportReporter -->
<testsuite hostname="Ashu" failures="0" tests="1" name="RequestChaining.createAndDeleteTest" time="2.132" errors="0" timestamp="21 Apr 2022 10:27:14 GMT">
  <testcase classname="RequestChaining.createAndDeleteTest" name="requestchaining" time="2.132"/>
</testsuite> <!-- RequestChaining.createAndDeleteTest -->
