<?xml version="1.0" encoding="UTF-8"?>
<!-- Generated by org.testng.reporters.JUnitReportReporter -->
<testsuite hostname="Ashu" failures="0" tests="1" name="DifferentWaysToPostRequest.CreateProjectUsingPoja" time="1.885" errors="0" timestamp="20 Apr 2022 11:26:59 GMT">
  <testcase classname="DifferentWaysToPostRequest.CreateProjectUsingPoja" name="createproject" time="1.885"/>
</testsuite> <!-- DifferentWaysToPostRequest.CreateProjectUsingPoja -->
