<?xml version="1.0" encoding="UTF-8"?>
<!-- Generated by org.testng.reporters.JUnitReportReporter -->
<testsuite hostname="Ashu" failures="0" tests="3" name="DataDriven.DataProvider1" time="3.140" errors="0" timestamp="21 Apr 2022 07:56:31 GMT">
  <testcase classname="DataDriven.DataProvider1" name="dataprovider" time="3.010"/>
  <testcase classname="DataDriven.DataProvider1" name="dataprovider" time="0.078"/>
  <testcase classname="DataDriven.DataProvider1" name="dataprovider" time="0.052"/>
</testsuite> <!-- DataDriven.DataProvider1 -->
