<?xml version="1.0" encoding="UTF-8"?>
<!-- Generated by org.testng.reporters.JUnitReportReporter -->
<testsuite hostname="Ashu" failures="0" tests="1" name="DifferentWaysToPostRequest.CreateProjectUsingHashMap" time="1.773" errors="0" timestamp="20 Apr 2022 10:59:02 GMT">
  <testcase classname="DifferentWaysToPostRequest.CreateProjectUsingHashMap" name="CreateProjectUsingHashMap" time="1.773"/>
</testsuite> <!-- DifferentWaysToPostRequest.CreateProjectUsingHashMap -->
