<?xml version="1.0" encoding="UTF-8"?>
<!-- Generated by org.testng.reporters.JUnitReportReporter -->
<testsuite hostname="Ashu" failures="0" tests="1" name="ValidateResponse.ValidateDynamicResponse" time="2.058" errors="0" timestamp="21 Apr 2022 06:42:09 GMT">
  <testcase classname="ValidateResponse.ValidateDynamicResponse" name="validatedynamicresponse" time="2.058"/>
</testsuite> <!-- ValidateResponse.ValidateDynamicResponse -->
