<?xml version="1.0" encoding="UTF-8"?>
<!-- Generated by org.testng.reporters.JUnitReportReporter -->
<testsuite hostname="Ashu" failures="0" tests="1" name="Aunthetication.Auoth2_0" time="3.470" errors="0" timestamp="21 Apr 2022 12:31:45 GMT">
  <testcase classname="Aunthetication.Auoth2_0" name="auth2_0" time="3.470"/>
</testsuite> <!-- Aunthetication.Auoth2_0 -->
