<?xml version="1.0" encoding="UTF-8"?>
<!-- Generated by org.testng.reporters.JUnitReportReporter -->
<testsuite hostname="Ashu" failures="0" tests="3" name="Aunthetication.basicAuth" time="1.818" errors="0" timestamp="21 Apr 2022 11:18:06 GMT">
  <testcase classname="Aunthetication.basicAuth" name="basisauth" time="0.140"/>
  <testcase classname="Aunthetication.basicAuth" name="basicauth" time="0.198"/>
  <testcase classname="Aunthetication.basicAuth" name="basicAuth" time="1.480"/>
</testsuite> <!-- Aunthetication.basicAuth -->
