<?xml version="1.0" encoding="UTF-8"?>
<!-- Generated by org.testng.reporters.JUnitReportReporter -->
<testsuite hostname="Ashu" failures="0" tests="1" name="PracticeCRUDOperation.updateProjectTest" time="1.844" errors="0" timestamp="20 Apr 2022 07:21:29 GMT">
  <testcase classname="PracticeCRUDOperation.updateProjectTest" name="updateProjectTest" time="1.844"/>
</testsuite> <!-- PracticeCRUDOperation.updateProjectTest -->
