<?xml version="1.0" encoding="UTF-8"?>
<!-- Generated by org.testng.reporters.JUnitReportReporter -->
<testsuite hostname="Ashu" failures="0" tests="1" name="Parameters.QueryParameterTest" time="1.875" errors="0" timestamp="21 Apr 2022 09:40:25 GMT">
  <testcase classname="Parameters.QueryParameterTest" name="queryParameter" time="1.875"/>
</testsuite> <!-- Parameters.QueryParameterTest -->
