<?xml version="1.0" encoding="UTF-8"?>
<!-- Generated by org.testng.reporters.JUnitReportReporter -->
<testsuite hostname="Ashu" failures="0" tests="1" name="DifferentWaysToPostRequest.CreateProjectUsingJsonFile" time="1.394" errors="0" timestamp="20 Apr 2022 11:09:00 GMT">
  <testcase classname="DifferentWaysToPostRequest.CreateProjectUsingJsonFile" name="CreateProject" time="1.394"/>
</testsuite> <!-- DifferentWaysToPostRequest.CreateProjectUsingJsonFile -->
