<?xml version="1.0" encoding="UTF-8"?>
<!-- Generated by org.testng.reporters.JUnitReportReporter -->
<testsuite hostname="Ashu" failures="0" tests="1" name="ValidateResponse.responseValidation" time="1.410" errors="0" timestamp="21 Apr 2022 07:12:10 GMT">
  <testcase classname="ValidateResponse.responseValidation" name="responsetimeValidation" time="1.410"/>
</testsuite> <!-- ValidateResponse.responseValidation -->
