<?xml version="1.0" encoding="UTF-8"?>
<!-- Generated by org.testng.reporters.JUnitReportReporter -->
<testsuite hostname="Ashu" failures="0" tests="1" name="PracticeCRUDOperation.CreateProjectTest" time="1.775" errors="0" timestamp="20 Apr 2022 11:54:53 GMT">
  <testcase classname="PracticeCRUDOperation.CreateProjectTest" name="CreateProjectTest" time="1.775"/>
</testsuite> <!-- PracticeCRUDOperation.CreateProjectTest -->
