<?xml version="1.0" encoding="UTF-8"?>
<!-- Generated by org.testng.reporters.JUnitReportReporter -->
<testsuite hostname="Ashu" failures="0" tests="1" name="DifferentWaysToPostRequest.CreateProjectUsingJavaOblect" time="1.977" errors="0" timestamp="20 Apr 2022 10:48:13 GMT">
  <testcase classname="DifferentWaysToPostRequest.CreateProjectUsingJavaOblect" name="CreateProjectUsingJavaOblect" time="1.977"/>
</testsuite> <!-- DifferentWaysToPostRequest.CreateProjectUsingJavaOblect -->
