<?xml version="1.0" encoding="UTF-8"?>
<!-- Generated by org.testng.reporters.JUnitReportReporter -->
<testsuite hostname="Ashu" failures="0" tests="1" name="PracticeCrudWithBDD.CreateProjectTest" time="1.708" errors="0" timestamp="20 Apr 2022 09:32:46 GMT">
  <testcase classname="PracticeCrudWithBDD.CreateProjectTest" name="CreateProjectTest" time="1.708"/>
</testsuite> <!-- PracticeCrudWithBDD.CreateProjectTest -->
