<?xml version="1.0" encoding="UTF-8"?>
<!-- Generated by org.testng.reporters.JUnitReportReporter -->
<testsuite hostname="Ashu" failures="0" tests="1" name="Aunthetication.bearerToken" time="3.713" errors="0" timestamp="21 Apr 2022 11:04:57 GMT">
  <testcase classname="Aunthetication.bearerToken" name="bearerToken" time="3.713"/>
</testsuite> <!-- Aunthetication.bearerToken -->
