<?xml version="1.0" encoding="UTF-8"?>
<!-- Generated by org.testng.reporters.JUnitReportReporter -->
<testsuite hostname="Ashu" failures="0" tests="1" name="Parameters.pathParameterTest" time="1.736" errors="0" timestamp="21 Apr 2022 09:31:37 GMT">
  <testcase classname="Parameters.pathParameterTest" name="pathPatameter" time="1.736"/>
</testsuite> <!-- Parameters.pathParameterTest -->
