<?xml version="1.0" encoding="UTF-8"?>
<!-- Generated by org.testng.reporters.JUnitReportReporter -->
<testsuite hostname="Ashu" failures="0" tests="1" name="RequestChaining.CreateProjectAndGetProject" time="2.693" errors="0" timestamp="21 Apr 2022 10:16:51 GMT">
  <testcase classname="RequestChaining.CreateProjectAndGetProject" name="requestchaining" time="2.693"/>
</testsuite> <!-- RequestChaining.CreateProjectAndGetProject -->
