<?xml version="1.0" encoding="UTF-8"?>
<!-- Generated by org.testng.reporters.JUnitReportReporter -->
<testsuite hostname="Ashu" failures="0" tests="1" name="PracticeCrudWithBDD.updateProjectTest" time="1.788" errors="0" timestamp="20 Apr 2022 09:38:21 GMT">
  <testcase classname="PracticeCrudWithBDD.updateProjectTest" name="updateProjectTest" time="1.788"/>
</testsuite> <!-- PracticeCrudWithBDD.updateProjectTest -->
