<?xml version="1.0" encoding="UTF-8"?>
<!-- Generated by org.testng.reporters.JUnitReportReporter -->
<testsuite hostname="Ashu" failures="0" tests="1" name="PracticeCRUDOperation.GetSingleProject" time="1.390" errors="0" timestamp="20 Apr 2022 11:57:23 GMT">
  <testcase classname="PracticeCRUDOperation.GetSingleProject" name="GetSingleProject" time="1.390"/>
</testsuite> <!-- PracticeCRUDOperation.GetSingleProject -->
