<?xml version="1.0" encoding="UTF-8"?>
<!-- Generated by org.testng.reporters.JUnitReportReporter -->
<testsuite hostname="Ashu" failures="0" tests="1" name="PracticeCrudWithBDD.DeleteProjectTest" time="1.382" errors="0" timestamp="20 Apr 2022 09:47:48 GMT">
  <testcase classname="PracticeCrudWithBDD.DeleteProjectTest" name="DeleteProjectTest" time="1.382"/>
</testsuite> <!-- PracticeCrudWithBDD.DeleteProjectTest -->
