<?xml version="1.0" encoding="UTF-8"?>
<!-- Generated by org.testng.reporters.JUnitReportReporter -->
<testsuite hostname="Ashu" failures="0" tests="1" name="PracticeCrudWithBDD.GetSingleProjectTest" time="1.331" errors="0" timestamp="20 Apr 2022 09:43:40 GMT">
  <testcase classname="PracticeCrudWithBDD.GetSingleProjectTest" name="GetSingleProject" time="1.331"/>
</testsuite> <!-- PracticeCrudWithBDD.GetSingleProjectTest -->
